<?xml version="1.0" encoding="UTF-8"?>
<!-- Generated by org.testng.reporters.JUnitXMLReporter -->
<testsuite hostname="IN-LT71049" name="Test" tests="3" failures="0" timestamp="5 May 2020 16:24:09 GMT" time="0.027" errors="0">
  <testcase name="shouldAnswerWithTrue" time="0.011" classname="test.testframework.AppTest"/>
  <testcase name="browserAutomation" time="0.001" classname="test.testframework.SeleniumTest"/>
  <testcase name="secondTest" time="0.001" classname="test.testframework.SeleniumTest"/>
</testsuite> <!-- Test -->
